1463472311623	frequencyLeft	0	frequencyRight	0	PWMleft	0	PWMright	0
1463472311780	frequencyLeft	0	frequencyRight	0	PWMleft	0	PWMright	0
1463472311941	frequencyLeft	0	frequencyRight	0	PWMleft	0	PWMright	0
1463472312121	frequencyLeft	0	frequencyRight	0	PWMleft	0	PWMright	0
1463472312282	frequencyLeft	0	frequencyRight	0	PWMleft	0	PWMright	0
1463472312436	frequencyLeft	0	frequencyRight	0	PWMleft	0	PWMright	0
1463472312591	frequencyLeft	0	frequencyRight	0	PWMleft	0	PWMright	0
1463472312750	frequencyLeft	0	frequencyRight	0	PWMleft	0	PWMright	0
1463472312910	frequencyLeft	0	frequencyRight	0	PWMleft	0	PWMright	0
1463472313069	frequencyLeft	0	frequencyRight	0	PWMleft	0	PWMright	0
1463472313224	frequencyLeft	0	frequencyRight	0	PWMleft	0	PWMright	0
1463472313381	frequencyLeft	0	frequencyRight	0	PWMleft	0	PWMright	0
1463472313537	frequencyLeft	0	frequencyRight	0	PWMleft	0	PWMright	0
1463472313692	frequencyLeft	0	frequencyRight	0	PWMleft	0	PWMright	0
1463472313844	frequencyLeft	0	frequencyRight	0	PWMleft	0	PWMright	0
1463472313997	frequencyLeft	0	frequencyRight	0	PWMleft	0	PWMright	0
1463472314177	frequencyLeft	0	frequencyRight	0	PWMleft	0	PWMright	0
1463472314332	frequencyLeft	0	frequencyRight	0	PWMleft	0	PWMright	0
1463472314484	frequencyLeft	6.578947368421053	frequencyRight	6.578947368421053	PWMleft	0	PWMright	0
1463472314643	frequencyLeft	0	frequencyRight	0	PWMleft	0	PWMright	0
1463472314819	frequencyLeft	0	frequencyRight	0	PWMleft	0	PWMright	11.842105263157896
1463472314982	frequencyLeft	0	frequencyRight	0	PWMleft	0	PWMright	11.31578947368421
1463472315141	frequencyLeft	0	frequencyRight	0	PWMleft	0	PWMright	11.31578947368421
1463472315305	frequencyLeft	0	frequencyRight	0	PWMleft	0	PWMright	11.31578947368421
1463472315465	frequencyLeft	0	frequencyRight	0	PWMleft	0	PWMright	11.31578947368421
1463472315638	frequencyLeft	0	frequencyRight	0	PWMleft	0	PWMright	11.31578947368421
1463472315800	frequencyLeft	0	frequencyRight	0	PWMleft	0	PWMright	11.31578947368421
1463472315974	frequencyLeft	0	frequencyRight	0	PWMleft	0	PWMright	11.31578947368421
1463472316131	frequencyLeft	0	frequencyRight	0	PWMleft	0	PWMright	11.31578947368421
1463472316297	frequencyLeft	0	frequencyRight	0	PWMleft	0	PWMright	11.31578947368421
1463472316468	frequencyLeft	0	frequencyRight	0	PWMleft	0	PWMright	11.31578947368421
1463472316651	frequencyLeft	0	frequencyRight	0	PWMleft	0	PWMright	11.31578947368421
1463472316816	frequencyLeft	0	frequencyRight	0	PWMleft	0	PWMright	11.31578947368421
1463472316979	frequencyLeft	0	frequencyRight	0	PWMleft	0	PWMright	11.31578947368421
1463472317132	frequencyLeft	0	frequencyRight	0	PWMleft	0	PWMright	11.31578947368421
1463472317297	frequencyLeft	0	frequencyRight	0	PWMleft	0	PWMright	11.31578947368421
1463472317465	frequencyLeft	0	frequencyRight	0	PWMleft	0	PWMright	11.31578947368421
1463472317644	frequencyLeft	0	frequencyRight	0	PWMleft	0	PWMright	11.31578947368421
1463472317804	frequencyLeft	0	frequencyRight	0	PWMleft	0	PWMright	11.31578947368421
1463472317972	frequencyLeft	0	frequencyRight	0	PWMleft	0	PWMright	11.31578947368421
1463472318184	frequencyLeft	0	frequencyRight	0	PWMleft	0	PWMright	11.31578947368421
1463472318339	frequencyLeft	0	frequencyRight	0	PWMleft	0	PWMright	11.31578947368421
1463472318500	frequencyLeft	0	frequencyRight	0	PWMleft	0	PWMright	11.31578947368421
1463472318658	frequencyLeft	0	frequencyRight	0	PWMleft	0	PWMright	11.31578947368421
1463472318819	frequencyLeft	0	frequencyRight	0	PWMleft	0	PWMright	11.31578947368421
1463472318983	frequencyLeft	0	frequencyRight	0	PWMleft	0	PWMright	11.31578947368421
1463472319145	frequencyLeft	0	frequencyRight	0	PWMleft	0	PWMright	11.31578947368421
1463472319309	frequencyLeft	0	frequencyRight	0	PWMleft	0	PWMright	11.31578947368421
1463472319469	frequencyLeft	0	frequencyRight	0	PWMleft	0	PWMright	11.31578947368421
1463472319631	frequencyLeft	0	frequencyRight	0	PWMleft	0	PWMright	11.31578947368421
1463472319796	frequencyLeft	0	frequencyRight	0	PWMleft	0	PWMright	11.31578947368421
1463472319960	frequencyLeft	0	frequencyRight	0	PWMleft	0	PWMright	11.31578947368421
1463472320122	frequencyLeft	0	frequencyRight	0	PWMleft	0	PWMright	11.31578947368421
1463472320285	frequencyLeft	0	frequencyRight	0	PWMleft	0	PWMright	11.31578947368421
1463472320451	frequencyLeft	0	frequencyRight	0	PWMleft	0	PWMright	11.31578947368421
1463472320619	frequencyLeft	0	frequencyRight	0	PWMleft	0	PWMright	11.31578947368421
1463472320773	frequencyLeft	0	frequencyRight	0	PWMleft	0	PWMright	11.31578947368421
1463472320948	frequencyLeft	0	frequencyRight	0	PWMleft	0	PWMright	11.31578947368421
1463472321102	frequencyLeft	0	frequencyRight	0	PWMleft	0	PWMright	11.31578947368421
1463472321260	frequencyLeft	0	frequencyRight	0	PWMleft	0	PWMright	11.31578947368421
1463472321422	frequencyLeft	0	frequencyRight	0	PWMleft	0	PWMright	11.31578947368421
1463472321580	frequencyLeft	0	frequencyRight	0	PWMleft	0	PWMright	11.31578947368421
1463472321742	frequencyLeft	0	frequencyRight	0	PWMleft	0	PWMright	11.31578947368421
1463472321900	frequencyLeft	0	frequencyRight	0	PWMleft	0	PWMright	11.31578947368421
1463472322064	frequencyLeft	0	frequencyRight	0	PWMleft	0	PWMright	11.31578947368421
1463472322113	 FORWARD PRESSED
1463472322228	frequencyLeft	0	frequencyRight	0	PWMleft	0	PWMright	11.31578947368421
1463472322390	frequencyLeft	0	frequencyRight	0	PWMleft	0	PWMright	43.95
1463472322425	 STOP PRESSED
1463472322561	frequencyLeft	0	frequencyRight	0	PWMleft	43.95	PWMright	58.5
1463472322687	 BACKWARD PRESSED
1463472322722	frequencyLeft	0	frequencyRight	0	PWMleft	0	PWMright	0
1463472322879	frequencyLeft	0	frequencyRight	0	PWMleft	0	PWMright	45.15
1463472323042	frequencyLeft	0	frequencyRight	0	PWMleft	43.95	PWMright	59.7
1463472323215	 buttonSpinright PRESSED
1463472323220	frequencyLeft	0	frequencyRight	0	PWMleft	58.5	PWMright	75.45
1463472323380	frequencyLeft	0	frequencyRight	0	PWMleft	0	PWMright	15.75
1463472323428	 buttonRightbackward PRESSED
1463472323543	frequencyLeft	0	frequencyRight	0	PWMleft	45.15	PWMright	31.5
1463472323706	frequencyLeft	0	frequencyRight	0	PWMleft	0	PWMright	0
1463472323795	 buttonLeftbackward PRESSED
1463472323868	frequencyLeft	0	frequencyRight	0	PWMleft	45.15	PWMright	8.475
1463472324041	frequencyLeft	0	frequencyRight	0	PWMleft	37.725	PWMright	38.325
1463472324110	 FORWARD PRESSED
1463472324199	frequencyLeft	0	frequencyRight	0	PWMleft	46.2	PWMright	53.475
1463472324289	 buttonLeftforward PRESSED
1463472324363	frequencyLeft	0	frequencyRight	0	PWMleft	0	PWMright	15.75
1463472324488	 buttonLeftforward PRESSED
1463472324527	frequencyLeft	0	frequencyRight	0	PWMleft	22.575	PWMright	31.5
1463472324670	 buttonSpinleft PRESSED
1463472324689	frequencyLeft	0	frequencyRight	0	PWMleft	29.85	PWMright	47.25
1463472324847	frequencyLeft	0	frequencyRight	0	PWMleft	0	PWMright	15.75
1463472324955	 buttonRightforward PRESSED
1463472325003	frequencyLeft	0	frequencyRight	0	PWMleft	44.55	PWMright	31.5
1463472325147	 buttonSpinright PRESSED
1463472325157	frequencyLeft	0	frequencyRight	0	PWMleft	0	PWMright	0
1463472325318	frequencyLeft	0	frequencyRight	0	PWMleft	0	PWMright	30.45
1463472325487	frequencyLeft	0	frequencyRight	0	PWMleft	43.95	PWMright	45.6
1463472325651	 CAMERA TILT UP PRESSED
1463472325656	frequencyLeft	0	frequencyRight	0	PWMleft	58.5	PWMright	61.35
1463472325730	 CAMERA TILT UP PRESSED
1463472325812	frequencyLeft	0	frequencyRight	0	PWMleft	74.25	PWMright	77.1
1463472325881	 CAMERA TILT DOWN PRESSED
1463472325974	frequencyLeft	0	frequencyRight	0	PWMleft	90	PWMright	92.85
1463472325988	 CAMERA TILT DOWN PRESSED
1463472326137	frequencyLeft	0	frequencyRight	0	PWMleft	105.75	PWMright	108.6
1463472326300	frequencyLeft	0	frequencyRight	0	PWMleft	121.5	PWMright	124.35
1463472326464	frequencyLeft	0	frequencyRight	0	PWMleft	137.25	PWMright	140.1
1463472326618	 CAMERA TILT UP PRESSED
1463472326624	frequencyLeft	0	frequencyRight	0	PWMleft	153	PWMright	155.85
1463472326677	 CAMERA TILT UP PRESSED
1463472326792	frequencyLeft	0	frequencyRight	0	PWMleft	168.75	PWMright	171.6
1463472326860	 CAMERA TILT DOWN PRESSED
1463472326930	 CAMERA TILT DOWN PRESSED
1463472326952	frequencyLeft	0	frequencyRight	0	PWMleft	184.5	PWMright	187.35
1463472327107	frequencyLeft	0	frequencyRight	0	PWMleft	200.25	PWMright	203.1
1463472327273	frequencyLeft	0	frequencyRight	0	PWMleft	216	PWMright	218.85
1463472327431	frequencyLeft	0	frequencyRight	0	PWMleft	231.75	PWMright	234.6
1463472327459	 GRAB PRESSED
1463472327606	frequencyLeft	0	frequencyRight	0	PWMleft	247.5	PWMright	250.35
1463472327768	frequencyLeft	0	frequencyRight	0	PWMleft	263.25	PWMright	266.1
1463472327801	 RELEASE PRESSED
1463472327930	frequencyLeft	0	frequencyRight	0	PWMleft	279	PWMright	281.85
1463472328092	frequencyLeft	0	frequencyRight	0	PWMleft	294.75	PWMright	297.6
1463472328225	 CAMERA TILT DOWN PRESSED
1463472328249	frequencyLeft	0	frequencyRight	0	PWMleft	310.5	PWMright	313.35
1463472328261	 CAMERA TILT DOWN PRESSED
1463472328415	frequencyLeft	0	frequencyRight	0	PWMleft	326.25	PWMright	329.1
1463472328576	frequencyLeft	0	frequencyRight	0	PWMleft	342	PWMright	344.85
1463472328698	 SPEED + PRESSED
1463472328738	frequencyLeft	0	frequencyRight	0	PWMleft	357.75	PWMright	360.6
1463472328898	frequencyLeft	0	frequencyRight	0	PWMleft	373.5	PWMright	376.35
1463472328967	 SPEED - PRESSED
1463472329063	frequencyLeft	0	frequencyRight	0	PWMleft	389.25	PWMright	392.1
1463472329225	frequencyLeft	0	frequencyRight	0	PWMleft	405	PWMright	407.85
1463472329387	frequencyLeft	0	frequencyRight	0	PWMleft	420.75	PWMright	423.6
1463472329549	frequencyLeft	0	frequencyRight	0	PWMleft	436.5	PWMright	439.35
1463472329717	frequencyLeft	0	frequencyRight	0	PWMleft	452.25	PWMright	455.1
1463472329879	frequencyLeft	0	frequencyRight	0	PWMleft	468	PWMright	470.85
1463472330038	frequencyLeft	0	frequencyRight	0	PWMleft	483.75	PWMright	486.6
1463472330197	frequencyLeft	0	frequencyRight	0	PWMleft	499.5	PWMright	502.35
1463472330360	frequencyLeft	0	frequencyRight	0	PWMleft	515.25	PWMright	518.1
1463472330523	frequencyLeft	0	frequencyRight	0	PWMleft	531	PWMright	533.85
1463472330681	frequencyLeft	0	frequencyRight	0	PWMleft	546.75	PWMright	549.6
1463472330836	frequencyLeft	0	frequencyRight	0	PWMleft	562.5	PWMright	565.35
1463472330995	frequencyLeft	0	frequencyRight	0	PWMleft	578.25	PWMright	581.1
1463472331153	frequencyLeft	0	frequencyRight	0	PWMleft	594	PWMright	596.85
1463472331337	frequencyLeft	0	frequencyRight	0	PWMleft	609.75	PWMright	612.6
1463472331491	frequencyLeft	0	frequencyRight	0	PWMleft	625.5	PWMright	628.35
